#
# There is insufficient memory for the Java Runtime Environment to continue.
# Native memory allocation (mmap) failed to map 65536 bytes for Failed to commit metaspace.
# Possible reasons:
#   The system is out of physical RAM or swap space
#   The process is running with CompressedOops enabled, and the Java Heap may be blocking the growth of the native heap
# Possible solutions:
#   Reduce memory load on the system
#   Increase physical memory or swap space
#   Check if swap backing store is full
#   Decrease Java heap size (-Xmx/-Xms)
#   Decrease number of Java threads
#   Decrease Java thread stack sizes (-Xss)
#   Set larger code cache with -XX:ReservedCodeCacheSize=
#   JVM is running with Unscaled Compressed Oops mode in which the Java heap is
#     placed in the first 4GB address space. The Java Heap base address is the
#     maximum limit for the native heap growth. Please use -XX:HeapBaseMinAddress
#     to set the Java Heap base and to place the Java Heap above 4GB virtual address.
# This output file may be truncated or incomplete.
#
#  Out of Memory Error (virtualSpaceNode.cpp:110), pid=14744, tid=8692
#
# JRE version: Java(TM) SE Runtime Environment (19.0.2+7) (build 19.0.2+7-44)
# Java VM: Java HotSpot(TM) 64-Bit Server VM (19.0.2+7-44, mixed mode, tiered, compressed oops, compressed class ptrs, g1 gc, windows-amd64)
# No core dump will be written. Minidumps are not enabled by default on client versions of Windows
#

---------------  S U M M A R Y ------------

Command Line: -Dfile.encoding=UTF-8 --module-path=C:\Users\Zain\Desktop\Blood Bank Management System\build\classes Projects_Files.addNewDonor

Host: Intel(R) Core(TM) i5-3230M CPU @ 2.60GHz, 4 cores, 3G,  Windows 10 , 64 bit Build 19041 (10.0.19041.2913)
Time: Thu Jun  1 11:37:28 2023 Pakistan Standard Time elapsed time: 0.815695 seconds (0d 0h 0m 0s)

---------------  T H R E A D  ---------------

Current thread (0x0000026a5d81a1e0):  JavaThread "main" [_thread_in_vm, id=8692, stack(0x000000be85300000,0x000000be85400000)]

Stack: [0x000000be85300000,0x000000be85400000]
Native frames: (J=compiled Java code, j=interpreted, Vv=VM code, C=native code)
V  [jvm.dll+0x6ee21a]
V  [jvm.dll+0x85765e]
V  [jvm.dll+0x85904e]
V  [jvm.dll+0x859703]
V  [jvm.dll+0x28298f]
V  [jvm.dll+0x8532db]
V  [jvm.dll+0x692cb6]
V  [jvm.dll+0x692d1a]
V  [jvm.dll+0x695613]
V  [jvm.dll+0x6954de]
V  [jvm.dll+0x6936de]
V  [jvm.dll+0x26e12f]
V  [jvm.dll+0x69dcc5]
V  [jvm.dll+0x21e072]
V  [jvm.dll+0x21e5a5]
V  [jvm.dll+0x21ef01]
V  [jvm.dll+0x2146a1]
V  [jvm.dll+0x5a9cb6]
V  [jvm.dll+0x2257aa]
V  [jvm.dll+0x7cc802]
V  [jvm.dll+0x7cdc4a]
V  [jvm.dll+0x7ce3cd]
V  [jvm.dll+0x21f315]
V  [jvm.dll+0x2146ba]
V  [jvm.dll+0x5a9cb6]
V  [jvm.dll+0x2257aa]
V  [jvm.dll+0x7cc802]
V  [jvm.dll+0x7cdc4a]
V  [jvm.dll+0x7cdf78]
V  [jvm.dll+0x271e1b]
V  [jvm.dll+0x3dbc8a]
C  0x0000026a6cce1558

Java frames: (J=compiled Java code, j=interpreted, Vv=VM code)
j  java.util.Collections.unmodifiableSet(Ljava/util/Set;)Ljava/util/Set;+6 java.base
j  sun.nio.fs.WindowsFileSystem.<clinit>()V+39 java.base
v  ~StubRoutines::call_stub 0x0000026a6ccc100e
j  sun.nio.fs.WindowsFileSystemProvider.<init>()V+5 java.base
j  sun.nio.fs.DefaultFileSystemProvider.<clinit>()V+4 java.base
v  ~StubRoutines::call_stub 0x0000026a6ccc100e
j  java.nio.file.FileSystems.getDefault()Ljava/nio/file/FileSystem;+10 java.base
j  java.nio.file.Path.of(Ljava/lang/String;[Ljava/lang/String;)Ljava/nio/file/Path;+0 java.base
j  jdk.internal.module.ModuleBootstrap.finderFor(Ljava/lang/String;)Ljava/lang/module/ModuleFinder;+65 java.base
j  jdk.internal.module.ModuleBootstrap.boot2()Ljava/lang/ModuleLayer;+8 java.base
j  jdk.internal.module.ModuleBootstrap.boot()Ljava/lang/ModuleLayer;+64 java.base
j  java.lang.System.initPhase2(ZZ)I+0 java.base
v  ~StubRoutines::call_stub 0x0000026a6ccc100e

---------------  P R O C E S S  ---------------

Threads class SMR info:
_java_thread_list=0x0000026a001bc500, length=10, elements={
0x0000026a5d81a1e0, 0x0000026a001da550, 0x0000026a001db340, 0x0000026a001f7280,
0x0000026a001f8bc0, 0x0000026a001f94f0, 0x0000026a001f9e20, 0x0000026a04402090,
0x0000026a04402a00, 0x0000026a04407780
}

Java Threads: ( => current thread )
=>0x0000026a5d81a1e0 JavaThread "main" [_thread_in_vm, id=8692, stack(0x000000be85300000,0x000000be85400000)]
  0x0000026a001da550 JavaThread "Reference Handler" daemon [_thread_blocked, id=8236, stack(0x000000be85a00000,0x000000be85b00000)]
  0x0000026a001db340 JavaThread "Finalizer" daemon [_thread_blocked, id=16644, stack(0x000000be85b00000,0x000000be85c00000)]
  0x0000026a001f7280 JavaThread "Signal Dispatcher" daemon [_thread_blocked, id=276, stack(0x000000be85c00000,0x000000be85d00000)]
  0x0000026a001f8bc0 JavaThread "Attach Listener" daemon [_thread_blocked, id=11236, stack(0x000000be85d00000,0x000000be85e00000)]
  0x0000026a001f94f0 JavaThread "Service Thread" daemon [_thread_blocked, id=3968, stack(0x000000be85e00000,0x000000be85f00000)]
  0x0000026a001f9e20 JavaThread "Monitor Deflation Thread" daemon [_thread_blocked, id=3136, stack(0x000000be85f00000,0x000000be86000000)]
  0x0000026a04402090 JavaThread "C2 CompilerThread0" daemon [_thread_blocked, id=8040, stack(0x000000be86000000,0x000000be86100000)]
  0x0000026a04402a00 JavaThread "C1 CompilerThread0" daemon [_thread_blocked, id=13620, stack(0x000000be86100000,0x000000be86200000)]
  0x0000026a04407780 JavaThread "Sweeper thread" daemon [_thread_blocked, id=3820, stack(0x000000be86200000,0x000000be86300000)]

Other Threads:
  0x0000026a00174b70 VMThread "VM Thread" [stack: 0x000000be85900000,0x000000be85a00000] [id=1808]
  0x0000026a5d85b550 WorkerThread "GC Thread#0" [stack: 0x000000be85400000,0x000000be85500000] [id=16244]
  0x0000026a5d864000 ConcurrentGCThread "G1 Main Marker" [stack: 0x000000be85500000,0x000000be85600000] [id=15128]
  0x0000026a5d865c90 WorkerThread "G1 Conc#0" [stack: 0x000000be85600000,0x000000be85700000] [id=11016]
  0x0000026a5d8beca0 ConcurrentGCThread "G1 Refine#0" [stack: 0x000000be85700000,0x000000be85800000] [id=12148]
  0x0000026a5d8bf6f0 ConcurrentGCThread "G1 Service" [stack: 0x000000be85800000,0x000000be85900000] [id=18192]

Threads with active compile tasks:

VM state: not at safepoint (normal execution)

VM Mutex/Monitor currently owned by a thread:  ([mutex/lock_event])
[0x0000026a5d813810] Metaspace_lock - owner thread: 0x0000026a5d81a1e0

Heap address: 0x00000000c1e00000, size: 994 MB, Compressed Oops mode: 32-bit

CDS archive(s) not mapped
Compressed class space mapped at: 0x0000000100000000-0x0000000140000000, reserved size: 1073741824
Narrow klass base: 0x0000000000000000, Narrow klass shift: 3, Narrow klass range: 0x140000000

GC Precious Log:
 CardTable entry size: 512
 Card Set container configuration: InlinePtr #cards 5 size 8 Array Of Cards #cards 12 size 40 Howl #buckets 4 coarsen threshold 1843 Howl Bitmap #cards 512 size 80 coarsen threshold 460 Card regions per heap region 1 cards per card region 2048
 CPUs: 4 total, 4 available
 Memory: 3969M
 Large Page Support: Disabled
 NUMA Support: Disabled
 Compressed Oops: Enabled (32-bit)
 Heap Region Size: 1M
 Heap Min Capacity: 8M
 Heap Initial Capacity: 64M
 Heap Max Capacity: 994M
 Pre-touch: Disabled
 Parallel Workers: 4
 Concurrent Workers: 1
 Concurrent Refinement Workers: 4
 Periodic GC: Disabled

Heap:
 garbage-first heap   total 65536K, used 0K [0x00000000c1e00000, 0x0000000100000000)
  region size 1024K, 1 young (1024K), 0 survivors (0K)
 Metaspace       used 3242K, committed 3264K, reserved 1114112K
  class space    used 234K, committed 256K, reserved 1048576K

Heap Regions: E=young(eden), S=young(survivor), O=old, HS=humongous(starts), HC=humongous(continues), CS=collection set, F=free, OA=open archive, CA=closed archive, TAMS=top-at-mark-start (previous, next)
|   0|0x00000000c1e00000, 0x00000000c1e00000, 0x00000000c1f00000|  0%| F|  |TAMS 0x00000000c1e00000, 0x00000000c1e00000| Untracked 
|   1|0x00000000c1f00000, 0x00000000c1f00000, 0x00000000c2000000|  0%| F|  |TAMS 0x00000000c1f00000, 0x00000000c1f00000| Untracked 
|   2|0x00000000c2000000, 0x00000000c2000000, 0x00000000c2100000|  0%| F|  |TAMS 0x00000000c2000000, 0x00000000c2000000| Untracked 
|   3|0x00000000c2100000, 0x00000000c2100000, 0x00000000c2200000|  0%| F|  |TAMS 0x00000000c2100000, 0x00000000c2100000| Untracked 
|   4|0x00000000c2200000, 0x00000000c2200000, 0x00000000c2300000|  0%| F|  |TAMS 0x00000000c2200000, 0x00000000c2200000| Untracked 
|   5|0x00000000c2300000, 0x00000000c2300000, 0x00000000c2400000|  0%| F|  |TAMS 0x00000000c2300000, 0x00000000c2300000| Untracked 
|   6|0x00000000c2400000, 0x00000000c2400000, 0x00000000c2500000|  0%| F|  |TAMS 0x00000000c2400000, 0x00000000c2400000| Untracked 
|   7|0x00000000c2500000, 0x00000000c2500000, 0x00000000c2600000|  0%| F|  |TAMS 0x00000000c2500000, 0x00000000c2500000| Untracked 
|   8|0x00000000c2600000, 0x00000000c2600000, 0x00000000c2700000|  0%| F|  |TAMS 0x00000000c2600000, 0x00000000c2600000| Untracked 
|   9|0x00000000c2700000, 0x00000000c2700000, 0x00000000c2800000|  0%| F|  |TAMS 0x00000000c2700000, 0x00000000c2700000| Untracked 
|  10|0x00000000c2800000, 0x00000000c2800000, 0x00000000c2900000|  0%| F|  |TAMS 0x00000000c2800000, 0x00000000c2800000| Untracked 
|  11|0x00000000c2900000, 0x00000000c2900000, 0x00000000c2a00000|  0%| F|  |TAMS 0x00000000c2900000, 0x00000000c2900000| Untracked 
|  12|0x00000000c2a00000, 0x00000000c2a00000, 0x00000000c2b00000|  0%| F|  |TAMS 0x00000000c2a00000, 0x00000000c2a00000| Untracked 
|  13|0x00000000c2b00000, 0x00000000c2b00000, 0x00000000c2c00000|  0%| F|  |TAMS 0x00000000c2b00000, 0x00000000c2b00000| Untracked 
|  14|0x00000000c2c00000, 0x00000000c2c00000, 0x00000000c2d00000|  0%| F|  |TAMS 0x00000000c2c00000, 0x00000000c2c00000| Untracked 
|  15|0x00000000c2d00000, 0x00000000c2d00000, 0x00000000c2e00000|  0%| F|  |TAMS 0x00000000c2d00000, 0x00000000c2d00000| Untracked 
|  16|0x00000000c2e00000, 0x00000000c2e00000, 0x00000000c2f00000|  0%| F|  |TAMS 0x00000000c2e00000, 0x00000000c2e00000| Untracked 
|  17|0x00000000c2f00000, 0x00000000c2f00000, 0x00000000c3000000|  0%| F|  |TAMS 0x00000000c2f00000, 0x00000000c2f00000| Untracked 
|  18|0x00000000c3000000, 0x00000000c3000000, 0x00000000c3100000|  0%| F|  |TAMS 0x00000000c3000000, 0x00000000c3000000| Untracked 
|  19|0x00000000c3100000, 0x00000000c3100000, 0x00000000c3200000|  0%| F|  |TAMS 0x00000000c3100000, 0x00000000c3100000| Untracked 
|  20|0x00000000c3200000, 0x00000000c3200000, 0x00000000c3300000|  0%| F|  |TAMS 0x00000000c3200000, 0x00000000c3200000| Untracked 
|  21|0x00000000c3300000, 0x00000000c3300000, 0x00000000c3400000|  0%| F|  |TAMS 0x00000000c3300000, 0x00000000c3300000| Untracked 
|  22|0x00000000c3400000, 0x00000000c3400000, 0x00000000c3500000|  0%| F|  |TAMS 0x00000000c3400000, 0x00000000c3400000| Untracked 
|  23|0x00000000c3500000, 0x00000000c3500000, 0x00000000c3600000|  0%| F|  |TAMS 0x00000000c3500000, 0x00000000c3500000| Untracked 
|  24|0x00000000c3600000, 0x00000000c3600000, 0x00000000c3700000|  0%| F|  |TAMS 0x00000000c3600000, 0x00000000c3600000| Untracked 
|  25|0x00000000c3700000, 0x00000000c3700000, 0x00000000c3800000|  0%| F|  |TAMS 0x00000000c3700000, 0x00000000c3700000| Untracked 
|  26|0x00000000c3800000, 0x00000000c3800000, 0x00000000c3900000|  0%| F|  |TAMS 0x00000000c3800000, 0x00000000c3800000| Untracked 
|  27|0x00000000c3900000, 0x00000000c3900000, 0x00000000c3a00000|  0%| F|  |TAMS 0x00000000c3900000, 0x00000000c3900000| Untracked 
|  28|0x00000000c3a00000, 0x00000000c3a00000, 0x00000000c3b00000|  0%| F|  |TAMS 0x00000000c3a00000, 0x00000000c3a00000| Untracked 
|  29|0x00000000c3b00000, 0x00000000c3b00000, 0x00000000c3c00000|  0%| F|  |TAMS 0x00000000c3b00000, 0x00000000c3b00000| Untracked 
|  30|0x00000000c3c00000, 0x00000000c3c00000, 0x00000000c3d00000|  0%| F|  |TAMS 0x00000000c3c00000, 0x00000000c3c00000| Untracked 
|  31|0x00000000c3d00000, 0x00000000c3d00000, 0x00000000c3e00000|  0%| F|  |TAMS 0x00000000c3d00000, 0x00000000c3d00000| Untracked 
|  32|0x00000000c3e00000, 0x00000000c3e00000, 0x00000000c3f00000|  0%| F|  |TAMS 0x00000000c3e00000, 0x00000000c3e00000| Untracked 
|  33|0x00000000c3f00000, 0x00000000c3f00000, 0x00000000c4000000|  0%| F|  |TAMS 0x00000000c3f00000, 0x00000000c3f00000| Untracked 
|  34|0x00000000c4000000, 0x00000000c4000000, 0x00000000c4100000|  0%| F|  |TAMS 0x00000000c4000000, 0x00000000c4000000| Untracked 
|  35|0x00000000c4100000, 0x00000000c4100000, 0x00000000c4200000|  0%| F|  |TAMS 0x00000000c4100000, 0x00000000c4100000| Untracked 
|  36|0x00000000c4200000, 0x00000000c4200000, 0x00000000c4300000|  0%| F|  |TAMS 0x00000000c4200000, 0x00000000c4200000| Untracked 
|  37|0x00000000c4300000, 0x00000000c4300000, 0x00000000c4400000|  0%| F|  |TAMS 0x00000000c4300000, 0x00000000c4300000| Untracked 
|  38|0x00000000c4400000, 0x00000000c4400000, 0x00000000c4500000|  0%| F|  |TAMS 0x00000000c4400000, 0x00000000c4400000| Untracked 
|  39|0x00000000c4500000, 0x00000000c4500000, 0x00000000c4600000|  0%| F|  |TAMS 0x00000000c4500000, 0x00000000c4500000| Untracked 
|  40|0x00000000c4600000, 0x00000000c4600000, 0x00000000c4700000|  0%| F|  |TAMS 0x00000000c4600000, 0x00000000c4600000| Untracked 
|  41|0x00000000c4700000, 0x00000000c4700000, 0x00000000c4800000|  0%| F|  |TAMS 0x00000000c4700000, 0x00000000c4700000| Untracked 
|  42|0x00000000c4800000, 0x00000000c4800000, 0x00000000c4900000|  0%| F|  |TAMS 0x00000000c4800000, 0x00000000c4800000| Untracked 
|  43|0x00000000c4900000, 0x00000000c4900000, 0x00000000c4a00000|  0%| F|  |TAMS 0x00000000c4900000, 0x00000000c4900000| Untracked 
|  44|0x00000000c4a00000, 0x00000000c4a00000, 0x00000000c4b00000|  0%| F|  |TAMS 0x00000000c4a00000, 0x00000000c4a00000| Untracked 
|  45|0x00000000c4b00000, 0x00000000c4b00000, 0x00000000c4c00000|  0%| F|  |TAMS 0x00000000c4b00000, 0x00000000c4b00000| Untracked 
|  46|0x00000000c4c00000, 0x00000000c4c00000, 0x00000000c4d00000|  0%| F|  |TAMS 0x00000000c4c00000, 0x00000000c4c00000| Untracked 
|  47|0x00000000c4d00000, 0x00000000c4d00000, 0x00000000c4e00000|  0%| F|  |TAMS 0x00000000c4d00000, 0x00000000c4d00000| Untracked 
|  48|0x00000000c4e00000, 0x00000000c4e00000, 0x00000000c4f00000|  0%| F|  |TAMS 0x00000000c4e00000, 0x00000000c4e00000| Untracked 
|  49|0x00000000c4f00000, 0x00000000c4f00000, 0x00000000c5000000|  0%| F|  |TAMS 0x00000000c4f00000, 0x00000000c4f00000| Untracked 
|  50|0x00000000c5000000, 0x00000000c5000000, 0x00000000c5100000|  0%| F|  |TAMS 0x00000000c5000000, 0x00000000c5000000| Untracked 
|  51|0x00000000c5100000, 0x00000000c5100000, 0x00000000c5200000|  0%| F|  |TAMS 0x00000000c5100000, 0x00000000c5100000| Untracked 
|  52|0x00000000c5200000, 0x00000000c5200000, 0x00000000c5300000|  0%| F|  |TAMS 0x00000000c5200000, 0x00000000c5200000| Untracked 
|  53|0x00000000c5300000, 0x00000000c5300000, 0x00000000c5400000|  0%| F|  |TAMS 0x00000000c5300000, 0x00000000c5300000| Untracked 
|  54|0x00000000c5400000, 0x00000000c5400000, 0x00000000c5500000|  0%| F|  |TAMS 0x00000000c5400000, 0x00000000c5400000| Untracked 
|  55|0x00000000c5500000, 0x00000000c5500000, 0x00000000c5600000|  0%| F|  |TAMS 0x00000000c5500000, 0x00000000c5500000| Untracked 
|  56|0x00000000c5600000, 0x00000000c5600000, 0x00000000c5700000|  0%| F|  |TAMS 0x00000000c5600000, 0x00000000c5600000| Untracked 
|  57|0x00000000c5700000, 0x00000000c5700000, 0x00000000c5800000|  0%| F|  |TAMS 0x00000000c5700000, 0x00000000c5700000| Untracked 
|  58|0x00000000c5800000, 0x00000000c5800000, 0x00000000c5900000|  0%| F|  |TAMS 0x00000000c5800000, 0x00000000c5800000| Untracked 
|  59|0x00000000c5900000, 0x00000000c5900000, 0x00000000c5a00000|  0%| F|  |TAMS 0x00000000c5900000, 0x00000000c5900000| Untracked 
|  60|0x00000000c5a00000, 0x00000000c5a00000, 0x00000000c5b00000|  0%| F|  |TAMS 0x00000000c5a00000, 0x00000000c5a00000| Untracked 
|  61|0x00000000c5b00000, 0x00000000c5b00000, 0x00000000c5c00000|  0%| F|  |TAMS 0x00000000c5b00000, 0x00000000c5b00000| Untracked 
|  62|0x00000000c5c00000, 0x00000000c5c00000, 0x00000000c5d00000|  0%| F|  |TAMS 0x00000000c5c00000, 0x00000000c5c00000| Untracked 
|  63|0x00000000c5d00000, 0x00000000c5dc7c30, 0x00000000c5e00000| 78%| E|  |TAMS 0x00000000c5d00000, 0x00000000c5d00000| Complete 

Card table byte_map: [0x0000026a74990000,0x0000026a74b90000] _byte_map_base: 0x0000026a74381000

Marking Bits (Prev, Next): (CMBitMap*) 0x0000026a5d85ba90, (CMBitMap*) 0x0000026a5d85bad0
 Prev Bits: [0x0000026a74d90000, 0x0000026a75d18000)
 Next Bits: [0x0000026a75d20000, 0x0000026a76ca8000)

Polling page: 0x0000026a5cff0000

Metaspace:

Usage:
  Non-class:      2.94 MB used.
      Class:    234.80 KB used.
       Both:      3.17 MB used.

Virtual space:
  Non-class space:       64.00 MB reserved,       2.94 MB (  5%) committed,  1 nodes.
      Class space:        1.00 GB reserved,     256.00 KB ( <1%) committed,  1 nodes.
             Both:        1.06 GB reserved,       3.19 MB ( <1%) committed. 

Chunk freelists:
   Non-Class:  0 bytes
       Class:  3.75 MB
        Both:  3.75 MB

MaxMetaspaceSize: unlimited
CompressedClassSpaceSize: 1.00 GB
Initial GC threshold: 21.00 MB
Current GC threshold: 21.00 MB
CDS: off
MetaspaceReclaimPolicy: balanced
 - commit_granule_bytes: 65536.
 - commit_granule_words: 8192.
 - virtual_space_node_default_size: 8388608.
 - enlarge_chunks_in_place: 1.
 - new_chunks_are_fully_committed: 0.
 - uncommit_free_chunks: 1.
 - use_allocation_guard: 0.


Internal statistics:

num_allocs_failed_limit: 0.
num_arena_births: 2.
num_arena_deaths: 0.
num_vsnodes_births: 2.
num_vsnodes_deaths: 0.
num_space_committed: 51.
num_space_uncommitted: 0.
num_chunks_returned_to_freelist: 0.
num_chunks_taken_from_freelist: 3.
num_chunk_merges: 0.
num_chunk_splits: 1.
num_chunks_enlarged: 0.
num_inconsistent_stats: 0.

CodeHeap 'non-profiled nmethods': size=120000Kb used=0Kb max_used=0Kb free=120000Kb
 bounds [0x0000026a6d260000, 0x0000026a6d4d0000, 0x0000026a74790000]
CodeHeap 'profiled nmethods': size=120000Kb used=3Kb max_used=3Kb free=119996Kb
 bounds [0x0000026a65790000, 0x0000026a65a00000, 0x0000026a6ccc0000]
CodeHeap 'non-nmethods': size=5760Kb used=1107Kb max_used=1110Kb free=4652Kb
 bounds [0x0000026a6ccc0000, 0x0000026a6cf30000, 0x0000026a6d260000]
 total_blobs=281 nmethods=2 adapters=191
 compilation: enabled
              stopped_count=0, restarted_count=0
 full_count=0

Compilation events (4 events):
Event: 0.751 Thread 0x0000026a04402a00    1       3       java.lang.String::charAt (25 bytes)
Event: 0.752 Thread 0x0000026a04402a00 nmethod 1 0x0000026a65790010 code [0x0000026a65790200, 0x0000026a65790758]
Event: 0.752 Thread 0x0000026a04402a00    2       3       java.lang.StringLatin1::charAt (15 bytes)
Event: 0.752 Thread 0x0000026a04402a00 nmethod 2 0x0000026a65790990 code [0x0000026a65790b40, 0x0000026a65790d18]

GC Heap History (0 events):
No events

Dll operation events (2 events):
Event: 0.007 Loaded shared library C:\Program Files\Java\jdk-19\bin\java.dll
Event: 0.514 Loaded shared library C:\Program Files\Java\jdk-19\bin\jsvml.dll

Deoptimization events (0 events):
No events

Classes loaded (20 events):
Event: 0.770 Loading class sun/nio/fs/WindowsFileSystemProvider
Event: 0.771 Loading class sun/nio/fs/AbstractFileSystemProvider
Event: 0.771 Loading class java/nio/file/spi/FileSystemProvider
Event: 0.772 Loading class java/nio/file/spi/FileSystemProvider done
Event: 0.772 Loading class sun/nio/fs/AbstractFileSystemProvider done
Event: 0.772 Loading class sun/nio/fs/WindowsFileSystemProvider done
Event: 0.772 Loading class java/nio/file/StandardOpenOption
Event: 0.772 Loading class java/nio/file/OpenOption
Event: 0.772 Loading class java/nio/file/OpenOption done
Event: 0.772 Loading class java/nio/file/StandardOpenOption done
Event: 0.773 Loading class sun/nio/fs/WindowsFileSystem
Event: 0.773 Loading class java/nio/file/FileSystem
Event: 0.773 Loading class java/nio/file/FileSystem done
Event: 0.773 Loading class sun/nio/fs/WindowsFileSystem done
Event: 0.774 Loading class java/util/Arrays$ArrayList
Event: 0.775 Loading class java/util/Arrays$ArrayList done
Event: 0.775 Loading class java/util/Arrays$ArrayItr
Event: 0.775 Loading class java/util/Arrays$ArrayItr done
Event: 0.775 Loading class java/util/Collections$UnmodifiableSet
Event: 0.775 Loading class java/util/Collections$UnmodifiableCollection

Classes unloaded (0 events):
No events

Classes redefined (0 events):
No events

Internal exceptions (0 events):
No events

VM Operations (0 events):
No events

Events (10 events):
Event: 0.514 Thread 0x0000026a5d81a1e0 Thread added: 0x0000026a5d81a1e0
Event: 0.726 Thread 0x0000026a001da550 Thread added: 0x0000026a001da550
Event: 0.726 Thread 0x0000026a001db340 Thread added: 0x0000026a001db340
Event: 0.731 Thread 0x0000026a001f7280 Thread added: 0x0000026a001f7280
Event: 0.731 Thread 0x0000026a001f8bc0 Thread added: 0x0000026a001f8bc0
Event: 0.731 Thread 0x0000026a001f94f0 Thread added: 0x0000026a001f94f0
Event: 0.731 Thread 0x0000026a001f9e20 Thread added: 0x0000026a001f9e20
Event: 0.732 Thread 0x0000026a04402090 Thread added: 0x0000026a04402090
Event: 0.732 Thread 0x0000026a04402a00 Thread added: 0x0000026a04402a00
Event: 0.732 Thread 0x0000026a04407780 Thread added: 0x0000026a04407780


Dynamic libraries:
0x00007ff653170000 - 0x00007ff653180000 	C:\Program Files\Java\jdk-19\bin\java.exe
0x00007ffca3830000 - 0x00007ffca3a28000 	C:\Windows\SYSTEM32\ntdll.dll
0x00007ffca2480000 - 0x00007ffca253f000 	C:\Windows\System32\KERNEL32.DLL
0x00007ffca0f10000 - 0x00007ffca1206000 	C:\Windows\System32\KERNELBASE.dll
0x00007ffca1450000 - 0x00007ffca1550000 	C:\Windows\System32\ucrtbase.dll
0x00007ffc883f0000 - 0x00007ffc8840b000 	C:\Program Files\Java\jdk-19\bin\VCRUNTIME140.dll
0x00007ffc9c940000 - 0x00007ffc9c958000 	C:\Program Files\Java\jdk-19\bin\jli.dll
0x00007ffca3460000 - 0x00007ffca350f000 	C:\Windows\System32\ADVAPI32.dll
0x00007ffca3170000 - 0x00007ffca320e000 	C:\Windows\System32\msvcrt.dll
0x00007ffca2820000 - 0x00007ffca28bc000 	C:\Windows\System32\sechost.dll
0x00007ffca2a40000 - 0x00007ffca2b66000 	C:\Windows\System32\RPCRT4.dll
0x00007ffca3290000 - 0x00007ffca342d000 	C:\Windows\System32\USER32.dll
0x00007ffca1420000 - 0x00007ffca1442000 	C:\Windows\System32\win32u.dll
0x00007ffc8fb30000 - 0x00007ffc8fdca000 	C:\Windows\WinSxS\amd64_microsoft.windows.common-controls_6595b64144ccf1df_6.0.19041.1110_none_60b5254171f9507e\COMCTL32.dll
0x00007ffca2930000 - 0x00007ffca295c000 	C:\Windows\System32\GDI32.dll
0x00007ffca1210000 - 0x00007ffca1325000 	C:\Windows\System32\gdi32full.dll
0x00007ffca15e0000 - 0x00007ffca167d000 	C:\Windows\System32\msvcp_win.dll
0x00007ffc90c90000 - 0x00007ffc90c9a000 	C:\Windows\SYSTEM32\VERSION.dll
0x00007ffca3430000 - 0x00007ffca3460000 	C:\Windows\System32\IMM32.DLL
0x00007ffc92030000 - 0x00007ffc9203c000 	C:\Program Files\Java\jdk-19\bin\vcruntime140_1.dll
0x00007ffc80bc0000 - 0x00007ffc80c4e000 	C:\Program Files\Java\jdk-19\bin\msvcp140.dll
0x00007ffc73db0000 - 0x00007ffc74a70000 	C:\Program Files\Java\jdk-19\bin\server\jvm.dll
0x00007ffc920e0000 - 0x00007ffc920e9000 	C:\Windows\SYSTEM32\WSOCK32.dll
0x00007ffc9a810000 - 0x00007ffc9a837000 	C:\Windows\SYSTEM32\WINMM.dll
0x00007ffca28c0000 - 0x00007ffca292b000 	C:\Windows\System32\WS2_32.dll
0x00007ffc9edd0000 - 0x00007ffc9ede2000 	C:\Windows\SYSTEM32\kernel.appcore.dll
0x00007ffc91160000 - 0x00007ffc9116a000 	C:\Program Files\Java\jdk-19\bin\jimage.dll
0x00007ffc8efe0000 - 0x00007ffc8f1c4000 	C:\Windows\SYSTEM32\DBGHELP.DLL
0x00007ffc8f8e0000 - 0x00007ffc8f914000 	C:\Windows\SYSTEM32\dbgcore.DLL
0x00007ffca1550000 - 0x00007ffca15d2000 	C:\Windows\System32\bcryptPrimitives.dll
0x00007ffc86960000 - 0x00007ffc86986000 	C:\Program Files\Java\jdk-19\bin\java.dll
0x00007ffc7e600000 - 0x00007ffc7e6d7000 	C:\Program Files\Java\jdk-19\bin\jsvml.dll
0x00007ffca1cb0000 - 0x00007ffca23f4000 	C:\Windows\System32\SHELL32.dll
0x00007ffc9efd0000 - 0x00007ffc9f763000 	C:\Windows\SYSTEM32\windows.storage.dll
0x00007ffca1950000 - 0x00007ffca1ca4000 	C:\Windows\System32\combase.dll
0x00007ffca0890000 - 0x00007ffca08be000 	C:\Windows\SYSTEM32\Wldp.dll
0x00007ffca2c50000 - 0x00007ffca2cfd000 	C:\Windows\System32\SHCORE.dll
0x00007ffca2400000 - 0x00007ffca2455000 	C:\Windows\System32\shlwapi.dll
0x00007ffca0e50000 - 0x00007ffca0e6f000 	C:\Windows\SYSTEM32\profapi.dll

dbghelp: loaded successfully - version: 4.0.5 - missing functions: none
symbol engine: initialized successfully - sym options: 0x614 - pdb path: .;C:\Program Files\Java\jdk-19\bin;C:\Windows\SYSTEM32;C:\Windows\WinSxS\amd64_microsoft.windows.common-controls_6595b64144ccf1df_6.0.19041.1110_none_60b5254171f9507e;C:\Program Files\Java\jdk-19\bin\server

VM Arguments:
jvm_args: -Dfile.encoding=UTF-8 --module-path=C:\Users\Zain\Desktop\Blood Bank Management System\build\classes 
java_command: Projects_Files.addNewDonor
java_class_path (initial): E:\Calander.jar;E:\MY SQL Connector.jar;E:\Tables.jar;E:\AbsoluteLayout-SNAPSHOT.jar;C:\Users\Zain\Downloads\mysql-connector-j-8.0.33.jar;C:\Users\Zain\Desktop\Blood Bank Management System\build\classes
Launcher Type: SUN_STANDARD

[Global flags]
     intx CICompilerCount                          = 3                                         {product} {ergonomic}
     uint ConcGCThreads                            = 1                                         {product} {ergonomic}
     uint G1ConcRefinementThreads                  = 4                                         {product} {ergonomic}
   size_t G1HeapRegionSize                         = 1048576                                   {product} {ergonomic}
    uintx GCDrainStackTargetSize                   = 64                                        {product} {ergonomic}
   size_t InitialHeapSize                          = 67108864                                  {product} {ergonomic}
   size_t MarkStackSize                            = 4194304                                   {product} {ergonomic}
   size_t MaxHeapSize                              = 1042284544                                {product} {ergonomic}
   size_t MaxNewSize                               = 624951296                                 {product} {ergonomic}
   size_t MinHeapDeltaBytes                        = 1048576                                   {product} {ergonomic}
   size_t MinHeapSize                              = 8388608                                   {product} {ergonomic}
    uintx NonNMethodCodeHeapSize                   = 5832780                                {pd product} {ergonomic}
    uintx NonProfiledCodeHeapSize                  = 122912730                              {pd product} {ergonomic}
    uintx ProfiledCodeHeapSize                     = 122912730                              {pd product} {ergonomic}
    uintx ReservedCodeCacheSize                    = 251658240                              {pd product} {ergonomic}
     bool SegmentedCodeCache                       = true                                      {product} {ergonomic}
   size_t SoftMaxHeapSize                          = 1042284544                             {manageable} {ergonomic}
     bool UseCompressedClassPointers               = true                           {product lp64_product} {ergonomic}
     bool UseCompressedOops                        = true                           {product lp64_product} {ergonomic}
     bool UseG1GC                                  = true                                      {product} {ergonomic}
     bool UseLargePagesIndividualAllocation        = false                                  {pd product} {ergonomic}

Logging:
Log output configuration:
 #0: stdout all=warning uptime,level,tags foldmultilines=false
 #1: stderr all=off uptime,level,tags foldmultilines=false

Environment Variables:
PATH=C:\Program Files\Common Files\Oracle\Java\javapath;C:\Windows\system32;C:\Windows;C:\Windows\System32\Wbem;C:\Windows\System32\WindowsPowerShell\v1.0\;C:\Windows\System32\OpenSSH\;C:\Users\Zain\AppData\Roaming\Microsoft\Windows\Start Menu\Programs\Python 3.11;C:\Program Files\MySQL\MySQL Server 5.5\bin;C:\Users\Zain\AppData\Local\Programs\Python\Python311\Scripts\;C:\Users\Zain\AppData\Local\Programs\Python\Python311\;C:\Users\Zain\AppData\Local\Microsoft\WindowsApps;F:\IntelliJ IDEA Community Edition 2022.2.2\bin;C:\sqlite3;;C:\Users\Zain\AppData\Local\Programs\Microsoft VS Code\bin;C:\MinGW\bin;
USERNAME=Zain
OS=Windows_NT
PROCESSOR_IDENTIFIER=Intel64 Family 6 Model 58 Stepping 9, GenuineIntel
TMP=C:\Users\Zain\AppData\Local\Temp
TEMP=C:\Users\Zain\AppData\Local\Temp



---------------  S Y S T E M  ---------------

OS:
 Windows 10 , 64 bit Build 19041 (10.0.19041.2913)
OS uptime: 4 days 4:17 hours

CPU: total 4 (initial active 4) (2 cores per cpu, 2 threads per core) family 6 model 58 stepping 9 microcode 0x21, cx8, cmov, fxsr, ht, mmx, sse, sse2, sse3, ssse3, sse4.1, sse4.2, popcnt, tsc, tscinvbit, avx, aes, erms, clmul, vzeroupper, clflush, rdtscp

Memory: 4k page, system-wide physical 3969M (462M free)
TotalPageFile size 6017M (AvailPageFile size 0M)
current process WorkingSet (physical memory assigned to process): 22M, peak: 22M
current process commit charge ("private bytes"): 125M, peak: 125M

vm_info: Java HotSpot(TM) 64-Bit Server VM (19.0.2+7-44) for windows-amd64 JRE (19.0.2+7-44), built on 2022-11-30T18:02:09Z by "mach5one" with MS VC++ 17.1 (VS2022)

END.
