#
# There is insufficient memory for the Java Runtime Environment to continue.
# Native memory allocation (mmap) failed to map 67108864 bytes for G1 virtual space
# Possible reasons:
#   The system is out of physical RAM or swap space
#   The process is running with CompressedOops enabled, and the Java Heap may be blocking the growth of the native heap
# Possible solutions:
#   Reduce memory load on the system
#   Increase physical memory or swap space
#   Check if swap backing store is full
#   Decrease Java heap size (-Xmx/-Xms)
#   Decrease number of Java threads
#   Decrease Java thread stack sizes (-Xss)
#   Set larger code cache with -XX:ReservedCodeCacheSize=
#   JVM is running with Unscaled Compressed Oops mode in which the Java heap is
#     placed in the first 4GB address space. The Java Heap base address is the
#     maximum limit for the native heap growth. Please use -XX:HeapBaseMinAddress
#     to set the Java Heap base and to place the Java Heap above 4GB virtual address.
# This output file may be truncated or incomplete.
#
#  Out of Memory Error (os_windows.cpp:3536), pid=5440, tid=8148
#
# JRE version:  (19.0.2+7) (build )
# Java VM: Java HotSpot(TM) 64-Bit Server VM (19.0.2+7-44, mixed mode, sharing, tiered, compressed oops, compressed class ptrs, g1 gc, windows-amd64)
# No core dump will be written. Minidumps are not enabled by default on client versions of Windows
#

---------------  S U M M A R Y ------------

Command Line: -Dfile.encoding=UTF-8 --module-path=C:\Users\Zain\Desktop\Blood Bank Management System\build\classes Projects_Files.addNewDonor

Host: Intel(R) Core(TM) i5-3230M CPU @ 2.60GHz, 4 cores, 3G,  Windows 10 , 64 bit Build 19041 (10.0.19041.2913)
Time: Thu Jun  1 10:24:00 2023 Pakistan Standard Time elapsed time: 0.253481 seconds (0d 0h 0m 0s)

---------------  T H R E A D  ---------------

Current thread (0x0000028a59c671c0):  JavaThread "Unknown thread" [_thread_in_vm, id=8148, stack(0x000000c293000000,0x000000c293100000)]

Stack: [0x000000c293000000,0x000000c293100000]
Native frames: (J=compiled Java code, j=interpreted, Vv=VM code, C=native code)
V  [jvm.dll+0x6ee21a]
V  [jvm.dll+0x85765e]
V  [jvm.dll+0x85904e]
V  [jvm.dll+0x859703]
V  [jvm.dll+0x28298f]
V  [jvm.dll+0x6eb009]
V  [jvm.dll+0x6dfbaa]
V  [jvm.dll+0x3573f6]
V  [jvm.dll+0x35ee56]
V  [jvm.dll+0x3b541e]
V  [jvm.dll+0x3b564f]
V  [jvm.dll+0x32c9ea]
V  [jvm.dll+0x32d89e]
V  [jvm.dll+0x821780]
V  [jvm.dll+0x3c2661]
V  [jvm.dll+0x801f51]
V  [jvm.dll+0x44ae8f]
V  [jvm.dll+0x44c811]
C  [jli.dll+0x5287]
C  [ucrtbase.dll+0x21bb2]
C  [KERNEL32.DLL+0x17614]
C  [ntdll.dll+0x526a1]


---------------  P R O C E S S  ---------------

Threads class SMR info:
_java_thread_list=0x00007ffc7492d048, length=0, elements={
}

Java Threads: ( => current thread )

Other Threads:
  0x0000028a59ca9630 WorkerThread "GC Thread#0" [stack: 0x000000c293100000,0x000000c293200000] [id=17776]
  0x0000028a59cb2370 ConcurrentGCThread "G1 Main Marker" [stack: 0x000000c293200000,0x000000c293300000] [id=6740]
  0x0000028a59cb5700 WorkerThread "G1 Conc#0" [stack: 0x000000c293300000,0x000000c293400000] [id=18120]

[error occurred during error reporting (printing all threads), id 0xc0000005, EXCEPTION_ACCESS_VIOLATION (0xc0000005) at pc=0x00007ffc740ed427]

VM state: not at safepoint (not fully initialized)

VM Mutex/Monitor currently owned by a thread:  ([mutex/lock_event])
[0x0000028a59c61b80] Heap_lock - owner thread: 0x0000028a59c671c0

Heap address: 0x00000000c1e00000, size: 994 MB, Compressed Oops mode: 32-bit

CDS archive(s) mapped at: [0x0000000000000000-0x0000000000000000-0x0000000000000000), size 0, SharedBaseAddress: 0x0000000800000000, ArchiveRelocationMode: 0.
Narrow klass base: 0x0000000000000000, Narrow klass shift: 0, Narrow klass range: 0x0

GC Precious Log:
 CardTable entry size: 512
 Card Set container configuration: InlinePtr #cards 5 size 8 Array Of Cards #cards 12 size 40 Howl #buckets 4 coarsen threshold 1843 Howl Bitmap #cards 512 size 80 coarsen threshold 460 Card regions per heap region 1 cards per card region 2048

Heap:
 garbage-first heap   total 0K, used 0K [0x00000000c1e00000, 0x0000000100000000)
  region size 1024K, 0 young (0K), 0 survivors (0K)

[error occurred during error reporting (printing heap information), id 0xc0000005, EXCEPTION_ACCESS_VIOLATION (0xc0000005) at pc=0x00007ffc744f6649]

GC Heap History (0 events):
No events

Dll operation events (1 events):
Event: 0.010 Loaded shared library C:\Program Files\Java\jdk-19\bin\java.dll

Deoptimization events (0 events):
No events

Classes loaded (0 events):
No events

Classes unloaded (0 events):
No events

Classes redefined (0 events):
No events

Internal exceptions (0 events):
No events

VM Operations (0 events):
No events

Events (0 events):
No events


Dynamic libraries:
0x00007ff653170000 - 0x00007ff653180000 	C:\Program Files\Java\jdk-19\bin\java.exe
0x00007ffca3830000 - 0x00007ffca3a28000 	C:\Windows\SYSTEM32\ntdll.dll
0x00007ffca2480000 - 0x00007ffca253f000 	C:\Windows\System32\KERNEL32.DLL
0x00007ffca0f10000 - 0x00007ffca1206000 	C:\Windows\System32\KERNELBASE.dll
0x00007ffca1450000 - 0x00007ffca1550000 	C:\Windows\System32\ucrtbase.dll
0x00007ffc9c940000 - 0x00007ffc9c958000 	C:\Program Files\Java\jdk-19\bin\jli.dll
0x00007ffca3460000 - 0x00007ffca350f000 	C:\Windows\System32\ADVAPI32.dll
0x00007ffca3170000 - 0x00007ffca320e000 	C:\Windows\System32\msvcrt.dll
0x00007ffca2820000 - 0x00007ffca28bc000 	C:\Windows\System32\sechost.dll
0x00007ffca2a40000 - 0x00007ffca2b66000 	C:\Windows\System32\RPCRT4.dll
0x00007ffca3290000 - 0x00007ffca342d000 	C:\Windows\System32\USER32.dll
0x00007ffca1420000 - 0x00007ffca1442000 	C:\Windows\System32\win32u.dll
0x00007ffca2930000 - 0x00007ffca295c000 	C:\Windows\System32\GDI32.dll
0x00007ffca1210000 - 0x00007ffca1325000 	C:\Windows\System32\gdi32full.dll
0x00007ffca15e0000 - 0x00007ffca167d000 	C:\Windows\System32\msvcp_win.dll
0x00007ffc883f0000 - 0x00007ffc8840b000 	C:\Program Files\Java\jdk-19\bin\VCRUNTIME140.dll
0x00007ffc8fb30000 - 0x00007ffc8fdca000 	C:\Windows\WinSxS\amd64_microsoft.windows.common-controls_6595b64144ccf1df_6.0.19041.1110_none_60b5254171f9507e\COMCTL32.dll
0x00007ffc90c90000 - 0x00007ffc90c9a000 	C:\Windows\SYSTEM32\VERSION.dll
0x00007ffca3430000 - 0x00007ffca3460000 	C:\Windows\System32\IMM32.DLL
0x00007ffc92030000 - 0x00007ffc9203c000 	C:\Program Files\Java\jdk-19\bin\vcruntime140_1.dll
0x00007ffc80bc0000 - 0x00007ffc80c4e000 	C:\Program Files\Java\jdk-19\bin\msvcp140.dll
0x00007ffc73db0000 - 0x00007ffc74a70000 	C:\Program Files\Java\jdk-19\bin\server\jvm.dll
0x00007ffc920e0000 - 0x00007ffc920e9000 	C:\Windows\SYSTEM32\WSOCK32.dll
0x00007ffca28c0000 - 0x00007ffca292b000 	C:\Windows\System32\WS2_32.dll
0x00007ffc9a810000 - 0x00007ffc9a837000 	C:\Windows\SYSTEM32\WINMM.dll
0x00007ffc9edd0000 - 0x00007ffc9ede2000 	C:\Windows\SYSTEM32\kernel.appcore.dll
0x00007ffc91160000 - 0x00007ffc9116a000 	C:\Program Files\Java\jdk-19\bin\jimage.dll
0x00007ffc8efe0000 - 0x00007ffc8f1c4000 	C:\Windows\SYSTEM32\DBGHELP.DLL
0x00007ffc8f8e0000 - 0x00007ffc8f914000 	C:\Windows\SYSTEM32\dbgcore.DLL
0x00007ffca1550000 - 0x00007ffca15d2000 	C:\Windows\System32\bcryptPrimitives.dll
0x00007ffc86960000 - 0x00007ffc86986000 	C:\Program Files\Java\jdk-19\bin\java.dll

dbghelp: loaded successfully - version: 4.0.5 - missing functions: none
symbol engine: initialized successfully - sym options: 0x614 - pdb path: .;C:\Program Files\Java\jdk-19\bin;C:\Windows\SYSTEM32;C:\Windows\WinSxS\amd64_microsoft.windows.common-controls_6595b64144ccf1df_6.0.19041.1110_none_60b5254171f9507e;C:\Program Files\Java\jdk-19\bin\server

VM Arguments:
jvm_args: -Dfile.encoding=UTF-8 --module-path=C:\Users\Zain\Desktop\Blood Bank Management System\build\classes 
java_command: Projects_Files.addNewDonor
java_class_path (initial): E:\Calander.jar;E:\MY SQL Connector.jar;E:\Tables.jar;E:\AbsoluteLayout-SNAPSHOT.jar;C:\Users\Zain\Downloads\mysql-connector-j-8.0.33.jar;C:\Users\Zain\Desktop\Blood Bank Management System\build\classes
Launcher Type: SUN_STANDARD

[Global flags]
     intx CICompilerCount                          = 3                                         {product} {ergonomic}
     uint ConcGCThreads                            = 1                                         {product} {ergonomic}
     uint G1ConcRefinementThreads                  = 4                                         {product} {ergonomic}
   size_t G1HeapRegionSize                         = 1048576                                   {product} {ergonomic}
    uintx GCDrainStackTargetSize                   = 64                                        {product} {ergonomic}
   size_t InitialHeapSize                          = 67108864                                  {product} {ergonomic}
   size_t MarkStackSize                            = 4194304                                   {product} {ergonomic}
   size_t MaxHeapSize                              = 1042284544                                {product} {ergonomic}
   size_t MinHeapDeltaBytes                        = 1048576                                   {product} {ergonomic}
   size_t MinHeapSize                              = 8388608                                   {product} {ergonomic}
    uintx NonNMethodCodeHeapSize                   = 5832780                                {pd product} {ergonomic}
    uintx NonProfiledCodeHeapSize                  = 122912730                              {pd product} {ergonomic}
    uintx ProfiledCodeHeapSize                     = 122912730                              {pd product} {ergonomic}
    uintx ReservedCodeCacheSize                    = 251658240                              {pd product} {ergonomic}
     bool SegmentedCodeCache                       = true                                      {product} {ergonomic}
   size_t SoftMaxHeapSize                          = 1042284544                             {manageable} {ergonomic}
     bool UseCompressedClassPointers               = true                           {product lp64_product} {ergonomic}
     bool UseCompressedOops                        = true                           {product lp64_product} {ergonomic}
     bool UseG1GC                                  = true                                      {product} {ergonomic}
     bool UseLargePagesIndividualAllocation        = false                                  {pd product} {ergonomic}

Logging:
Log output configuration:
 #0: stdout all=warning uptime,level,tags foldmultilines=false
 #1: stderr all=off uptime,level,tags foldmultilines=false

Environment Variables:
PATH=C:\Program Files\Common Files\Oracle\Java\javapath;C:\Windows\system32;C:\Windows;C:\Windows\System32\Wbem;C:\Windows\System32\WindowsPowerShell\v1.0\;C:\Windows\System32\OpenSSH\;C:\Users\Zain\AppData\Roaming\Microsoft\Windows\Start Menu\Programs\Python 3.11;C:\Program Files\MySQL\MySQL Server 5.5\bin;C:\Users\Zain\AppData\Local\Programs\Python\Python311\Scripts\;C:\Users\Zain\AppData\Local\Programs\Python\Python311\;C:\Users\Zain\AppData\Local\Microsoft\WindowsApps;F:\IntelliJ IDEA Community Edition 2022.2.2\bin;C:\sqlite3;;C:\Users\Zain\AppData\Local\Programs\Microsoft VS Code\bin;C:\MinGW\bin;
USERNAME=Zain
OS=Windows_NT
PROCESSOR_IDENTIFIER=Intel64 Family 6 Model 58 Stepping 9, GenuineIntel
TMP=C:\Users\Zain\AppData\Local\Temp
TEMP=C:\Users\Zain\AppData\Local\Temp



---------------  S Y S T E M  ---------------

OS:
 Windows 10 , 64 bit Build 19041 (10.0.19041.2913)
OS uptime: 4 days 3:03 hours

CPU: total 4 (initial active 4) (2 cores per cpu, 2 threads per core) family 6 model 58 stepping 9 microcode 0x21, cx8, cmov, fxsr, ht, mmx, sse, sse2, sse3, ssse3, sse4.1, sse4.2, popcnt, tsc, tscinvbit, avx, aes, erms, clmul, vzeroupper, clflush, rdtscp

Memory: 4k page, system-wide physical 3969M (423M free)
TotalPageFile size 6017M (AvailPageFile size 37M)
current process WorkingSet (physical memory assigned to process): 10M, peak: 10M
current process commit charge ("private bytes"): 51M, peak: 115M

vm_info: Java HotSpot(TM) 64-Bit Server VM (19.0.2+7-44) for windows-amd64 JRE (19.0.2+7-44), built on 2022-11-30T18:02:09Z by "mach5one" with MS VC++ 17.1 (VS2022)

END.
