#
# There is insufficient memory for the Java Runtime Environment to continue.
# Native memory allocation (mmap) failed to map 67108864 bytes for G1 virtual space
# Possible reasons:
#   The system is out of physical RAM or swap space
#   The process is running with CompressedOops enabled, and the Java Heap may be blocking the growth of the native heap
# Possible solutions:
#   Reduce memory load on the system
#   Increase physical memory or swap space
#   Check if swap backing store is full
#   Decrease Java heap size (-Xmx/-Xms)
#   Decrease number of Java threads
#   Decrease Java thread stack sizes (-Xss)
#   Set larger code cache with -XX:ReservedCodeCacheSize=
#   JVM is running with Unscaled Compressed Oops mode in which the Java heap is
#     placed in the first 4GB address space. The Java Heap base address is the
#     maximum limit for the native heap growth. Please use -XX:HeapBaseMinAddress
#     to set the Java Heap base and to place the Java Heap above 4GB virtual address.
# This output file may be truncated or incomplete.
#
#  Out of Memory Error (os_windows.cpp:3536), pid=13620, tid=5656
#
# JRE version:  (19.0.2+7) (build )
# Java VM: Java HotSpot(TM) 64-Bit Server VM (19.0.2+7-44, mixed mode, sharing, tiered, compressed oops, compressed class ptrs, g1 gc, windows-amd64)
# No core dump will be written. Minidumps are not enabled by default on client versions of Windows
#

---------------  S U M M A R Y ------------

Command Line: -Dfile.encoding=UTF-8 --module-path=C:\Users\Zain\Desktop\Blood Bank Management System\build\classes Projects_Files.deleteDonor

Host: Intel(R) Core(TM) i5-3230M CPU @ 2.60GHz, 4 cores, 3G,  Windows 10 , 64 bit Build 19041 (10.0.19041.2913)
Time: Sun Jun  4 12:43:33 2023 Pakistan Standard Time elapsed time: 0.274817 seconds (0d 0h 0m 0s)

---------------  T H R E A D  ---------------

Current thread (0x000001a940e9d010):  JavaThread "Unknown thread" [_thread_in_vm, id=5656, stack(0x0000007182e00000,0x0000007182f00000)]

Stack: [0x0000007182e00000,0x0000007182f00000]
Native frames: (J=compiled Java code, j=interpreted, Vv=VM code, C=native code)
V  [jvm.dll+0x6ee21a]
V  [jvm.dll+0x85765e]
V  [jvm.dll+0x85904e]
V  [jvm.dll+0x859703]
V  [jvm.dll+0x28298f]
V  [jvm.dll+0x6eb009]
V  [jvm.dll+0x6dfbaa]
V  [jvm.dll+0x3573f6]
V  [jvm.dll+0x35ee56]
V  [jvm.dll+0x3b541e]
V  [jvm.dll+0x3b564f]
V  [jvm.dll+0x32c9ea]
V  [jvm.dll+0x32d89e]
V  [jvm.dll+0x821780]
V  [jvm.dll+0x3c2661]
V  [jvm.dll+0x801f51]
V  [jvm.dll+0x44ae8f]
V  [jvm.dll+0x44c811]
C  [jli.dll+0x5287]
C  [ucrtbase.dll+0x21bb2]
C  [KERNEL32.DLL+0x17614]
C  [ntdll.dll+0x526a1]


---------------  P R O C E S S  ---------------

Threads class SMR info:
_java_thread_list=0x00007ffd6a0cd048, length=0, elements={
}

Java Threads: ( => current thread )

Other Threads:
  0x000001a940eda400 WorkerThread "GC Thread#0" [stack: 0x0000007182f00000,0x0000007183000000] [id=13004]
  0x000001a940ee3140 ConcurrentGCThread "G1 Main Marker" [stack: 0x0000007183000000,0x0000007183100000] [id=13128]
  0x000001a940ee5320 WorkerThread "G1 Conc#0" [stack: 0x0000007183100000,0x0000007183200000] [id=4580]

[error occurred during error reporting (printing all threads), id 0xc0000005, EXCEPTION_ACCESS_VIOLATION (0xc0000005) at pc=0x00007ffd6988d427]

VM state: not at safepoint (not fully initialized)

VM Mutex/Monitor currently owned by a thread:  ([mutex/lock_event])
[0x000001a940e9a4e0] Heap_lock - owner thread: 0x000001a940e9d010

Heap address: 0x00000000c1e00000, size: 994 MB, Compressed Oops mode: 32-bit

CDS archive(s) mapped at: [0x0000000000000000-0x0000000000000000-0x0000000000000000), size 0, SharedBaseAddress: 0x0000000800000000, ArchiveRelocationMode: 0.
Narrow klass base: 0x0000000000000000, Narrow klass shift: 0, Narrow klass range: 0x0

GC Precious Log:
 CardTable entry size: 512
 Card Set container configuration: InlinePtr #cards 5 size 8 Array Of Cards #cards 12 size 40 Howl #buckets 4 coarsen threshold 1843 Howl Bitmap #cards 512 size 80 coarsen threshold 460 Card regions per heap region 1 cards per card region 2048

Heap:
 garbage-first heap   total 0K, used 0K [0x00000000c1e00000, 0x0000000100000000)
  region size 1024K, 0 young (0K), 0 survivors (0K)

[error occurred during error reporting (printing heap information), id 0xc0000005, EXCEPTION_ACCESS_VIOLATION (0xc0000005) at pc=0x00007ffd69c96649]

GC Heap History (0 events):
No events

Dll operation events (1 events):
Event: 0.008 Loaded shared library C:\Program Files\Java\jdk-19\bin\java.dll

Deoptimization events (0 events):
No events

Classes loaded (0 events):
No events

Classes unloaded (0 events):
No events

Classes redefined (0 events):
No events

Internal exceptions (0 events):
No events

VM Operations (0 events):
No events

Events (0 events):
No events


Dynamic libraries:
0x00007ff758d20000 - 0x00007ff758d30000 	C:\Program Files\Java\jdk-19\bin\java.exe
0x00007ffda7a70000 - 0x00007ffda7c68000 	C:\Windows\SYSTEM32\ntdll.dll
0x00007ffda5c00000 - 0x00007ffda5cbf000 	C:\Windows\System32\KERNEL32.DLL
0x00007ffda5570000 - 0x00007ffda5866000 	C:\Windows\System32\KERNELBASE.dll
0x00007ffda5370000 - 0x00007ffda5470000 	C:\Windows\System32\ucrtbase.dll
0x00007ffd96cd0000 - 0x00007ffd96ceb000 	C:\Program Files\Java\jdk-19\bin\VCRUNTIME140.dll
0x00007ffd96b90000 - 0x00007ffd96ba8000 	C:\Program Files\Java\jdk-19\bin\jli.dll
0x00007ffda7630000 - 0x00007ffda76df000 	C:\Windows\System32\ADVAPI32.dll
0x00007ffda5b60000 - 0x00007ffda5bfe000 	C:\Windows\System32\msvcrt.dll
0x00007ffda6470000 - 0x00007ffda650c000 	C:\Windows\System32\sechost.dll
0x00007ffda5d80000 - 0x00007ffda5ea6000 	C:\Windows\System32\RPCRT4.dll
0x00007ffda6510000 - 0x00007ffda66ad000 	C:\Windows\System32\USER32.dll
0x00007ffd97370000 - 0x00007ffd9760a000 	C:\Windows\WinSxS\amd64_microsoft.windows.common-controls_6595b64144ccf1df_6.0.19041.1110_none_60b5254171f9507e\COMCTL32.dll
0x00007ffda5870000 - 0x00007ffda5892000 	C:\Windows\System32\win32u.dll
0x00007ffda7600000 - 0x00007ffda762c000 	C:\Windows\System32\GDI32.dll
0x00007ffda5200000 - 0x00007ffda5315000 	C:\Windows\System32\gdi32full.dll
0x00007ffda58d0000 - 0x00007ffda596d000 	C:\Windows\System32\msvcp_win.dll
0x00007ffd96fe0000 - 0x00007ffd96fea000 	C:\Windows\SYSTEM32\VERSION.dll
0x00007ffda7860000 - 0x00007ffda7890000 	C:\Windows\System32\IMM32.DLL
0x00007ffd9fab0000 - 0x00007ffd9fabc000 	C:\Program Files\Java\jdk-19\bin\vcruntime140_1.dll
0x00007ffd96a80000 - 0x00007ffd96b0e000 	C:\Program Files\Java\jdk-19\bin\msvcp140.dll
0x00007ffd69550000 - 0x00007ffd6a210000 	C:\Program Files\Java\jdk-19\bin\server\jvm.dll
0x00007ffd92280000 - 0x00007ffd92289000 	C:\Windows\SYSTEM32\WSOCK32.dll
0x00007ffd94a80000 - 0x00007ffd94aa7000 	C:\Windows\SYSTEM32\WINMM.dll
0x00007ffda73c0000 - 0x00007ffda742b000 	C:\Windows\System32\WS2_32.dll
0x00007ffda3010000 - 0x00007ffda3022000 	C:\Windows\SYSTEM32\kernel.appcore.dll
0x00007ffd9faa0000 - 0x00007ffd9faaa000 	C:\Program Files\Java\jdk-19\bin\jimage.dll
0x00007ffd9a250000 - 0x00007ffd9a434000 	C:\Windows\SYSTEM32\DBGHELP.DLL
0x00007ffd9a210000 - 0x00007ffd9a244000 	C:\Windows\SYSTEM32\dbgcore.DLL
0x00007ffda54e0000 - 0x00007ffda5562000 	C:\Windows\System32\bcryptPrimitives.dll
0x00007ffd96b50000 - 0x00007ffd96b76000 	C:\Program Files\Java\jdk-19\bin\java.dll

dbghelp: loaded successfully - version: 4.0.5 - missing functions: none
symbol engine: initialized successfully - sym options: 0x614 - pdb path: .;C:\Program Files\Java\jdk-19\bin;C:\Windows\SYSTEM32;C:\Windows\WinSxS\amd64_microsoft.windows.common-controls_6595b64144ccf1df_6.0.19041.1110_none_60b5254171f9507e;C:\Program Files\Java\jdk-19\bin\server

VM Arguments:
jvm_args: -Dfile.encoding=UTF-8 --module-path=C:\Users\Zain\Desktop\Blood Bank Management System\build\classes 
java_command: Projects_Files.deleteDonor
java_class_path (initial): E:\Calander.jar;E:\MY SQL Connector.jar;E:\Tables.jar;E:\AbsoluteLayout-SNAPSHOT.jar;C:\Users\Zain\Downloads\mysql-connector-j-8.0.33.jar;C:\Users\Zain\Desktop\Blood Bank Management System\build\classes
Launcher Type: SUN_STANDARD

[Global flags]
     intx CICompilerCount                          = 3                                         {product} {ergonomic}
     uint ConcGCThreads                            = 1                                         {product} {ergonomic}
     uint G1ConcRefinementThreads                  = 4                                         {product} {ergonomic}
   size_t G1HeapRegionSize                         = 1048576                                   {product} {ergonomic}
    uintx GCDrainStackTargetSize                   = 64                                        {product} {ergonomic}
   size_t InitialHeapSize                          = 67108864                                  {product} {ergonomic}
   size_t MarkStackSize                            = 4194304                                   {product} {ergonomic}
   size_t MaxHeapSize                              = 1042284544                                {product} {ergonomic}
   size_t MinHeapDeltaBytes                        = 1048576                                   {product} {ergonomic}
   size_t MinHeapSize                              = 8388608                                   {product} {ergonomic}
    uintx NonNMethodCodeHeapSize                   = 5832780                                {pd product} {ergonomic}
    uintx NonProfiledCodeHeapSize                  = 122912730                              {pd product} {ergonomic}
    uintx ProfiledCodeHeapSize                     = 122912730                              {pd product} {ergonomic}
    uintx ReservedCodeCacheSize                    = 251658240                              {pd product} {ergonomic}
     bool SegmentedCodeCache                       = true                                      {product} {ergonomic}
   size_t SoftMaxHeapSize                          = 1042284544                             {manageable} {ergonomic}
     bool UseCompressedClassPointers               = true                           {product lp64_product} {ergonomic}
     bool UseCompressedOops                        = true                           {product lp64_product} {ergonomic}
     bool UseG1GC                                  = true                                      {product} {ergonomic}
     bool UseLargePagesIndividualAllocation        = false                                  {pd product} {ergonomic}

Logging:
Log output configuration:
 #0: stdout all=warning uptime,level,tags foldmultilines=false
 #1: stderr all=off uptime,level,tags foldmultilines=false

Environment Variables:
PATH=C:\Program Files\Common Files\Oracle\Java\javapath;C:\Windows\system32;C:\Windows;C:\Windows\System32\Wbem;C:\Windows\System32\WindowsPowerShell\v1.0\;C:\Windows\System32\OpenSSH\;C:\Users\Zain\AppData\Roaming\Microsoft\Windows\Start Menu\Programs\Python 3.11;C:\Program Files\MySQL\MySQL Server 5.5\bin;C:\Users\Zain\AppData\Local\Programs\Python\Python311\Scripts\;C:\Users\Zain\AppData\Local\Programs\Python\Python311\;C:\Users\Zain\AppData\Local\Microsoft\WindowsApps;F:\IntelliJ IDEA Community Edition 2022.2.2\bin;C:\sqlite3;;C:\Users\Zain\AppData\Local\Programs\Microsoft VS Code\bin;C:\MinGW\bin;
USERNAME=Zain
OS=Windows_NT
PROCESSOR_IDENTIFIER=Intel64 Family 6 Model 58 Stepping 9, GenuineIntel
TMP=C:\Users\Zain\AppData\Local\Temp
TEMP=C:\Users\Zain\AppData\Local\Temp



---------------  S Y S T E M  ---------------

OS:
 Windows 10 , 64 bit Build 19041 (10.0.19041.2913)
OS uptime: 3 days 0:42 hours

CPU: total 4 (initial active 4) (2 cores per cpu, 2 threads per core) family 6 model 58 stepping 9 microcode 0x21, cx8, cmov, fxsr, ht, mmx, sse, sse2, sse3, ssse3, sse4.1, sse4.2, popcnt, tsc, tscinvbit, avx, aes, erms, clmul, vzeroupper, clflush, rdtscp

Memory: 4k page, system-wide physical 3969M (413M free)
TotalPageFile size 6017M (AvailPageFile size 60M)
current process WorkingSet (physical memory assigned to process): 10M, peak: 10M
current process commit charge ("private bytes"): 51M, peak: 115M

vm_info: Java HotSpot(TM) 64-Bit Server VM (19.0.2+7-44) for windows-amd64 JRE (19.0.2+7-44), built on 2022-11-30T18:02:09Z by "mach5one" with MS VC++ 17.1 (VS2022)

END.
